<?xml version="1.0" encoding="UTF-8"?>
<!-- Generated by org.testng.reporters.JUnitReportReporter -->
<testsuite hostname="LAPTOP-OV80NUKU" failures="0" tests="1" name="Cucumber.Automation.AppTest" time="0.004" errors="0" timestamp="2021-09-06T18:16:09 IST" skipped="0">
  <testcase classname="Cucumber.Automation.AppTest" name="shouldAnswerWithTrue" time="0.004"/>
  <system-out/>
</testsuite> <!-- Cucumber.Automation.AppTest -->
