<?xml version="1.0" encoding="UTF-8"?>
<!-- Generated by org.testng.reporters.JUnitReportReporter -->
<testsuite hostname="LAPTOP-OV80NUKU" failures="0" tests="1" name="cucumberOptions.TestngTestRunner" time="0.086" errors="0" timestamp="2021-08-31T17:29:25 IST" skipped="0">
  <testcase classname="cucumberOptions.TestngTestRunner" name="runScenario" time="0.086"/>
  <system-out/>
</testsuite> <!-- cucumberOptions.TestngTestRunner -->
